<?xml version="1.0" encoding="UTF-8"?>
<!-- Generated by org.testng.reporters.JUnitReportReporter -->
<testsuite skipped="0" hostname="LAPTOP-MHUVFH4M" name="com.crossover.e2e.GMailTest" tests="1" failures="0" timestamp="2020-06-08T15:17:16 IST" time="76.069" errors="0">
  <testcase name="testSendEmail" time="76.069" classname="com.crossover.e2e.GMailTest"/>
</testsuite> <!-- com.crossover.e2e.GMailTest -->
